<?xml version="1.0" encoding="UTF-8"?>
<!-- Generated by org.testng.reporters.JUnitReportReporter -->
<testsuite hostname="DESKTOP-T0L1P72" failures="0" tests="1" name="com.actitime.Testscripts.Task" time="44.982" errors="0" timestamp="2023-05-11T11:18:38 IST" skipped="0">
  <testcase classname="com.actitime.Testscripts.Task" name="createCustomer" time="44.982"/>
  <system-out/>
</testsuite> <!-- com.actitime.Testscripts.Task -->
